<?xml version="1.0" encoding="UTF-8"?>
<!-- Generated by org.testng.reporters.JUnitXMLReporter -->
<testsuite ignored="1" hostname="DESKTOP-RTFTH45" failures="0" tests="4" name="Car Loan" time="0.089" errors="0" timestamp="2025-04-28T23:26:14 BST">
  <testcase classname="com.test.testng.Day3" name="mobileLoginCarLoan" time="0.003"/>
  <testcase classname="com.test.testng.Day3" name="webLoginCarLoan" time="0.008"/>
  <testcase classname="com.test.testng.Day3" name="APICarLoan" time="0.002"/>
  <testcase classname="com.test.testng.Day3" name="mobileSigninCarLoan" time="0.003"/>
  <testcase classname="com.test.testng.Day3" name="mobileSignOutCarLoan" time="0.0">
    <ignored/>
  </testcase> <!-- mobileSignOutCarLoan -->
</testsuite> <!-- Car Loan -->
