<?xml version="1.0" encoding="UTF-8"?>
<!-- Generated by org.testng.reporters.JUnitXMLReporter -->
<testsuite ignored="0" hostname="DESKTOP-RTFTH45" failures="1" tests="8" name="Personal Loan" time="0.258" errors="0" timestamp="2025-04-28T23:26:14 BST">
  <testcase classname="com.test.testng.Day1" name="Demo" time="0.041"/>
  <testcase classname="com.test.testng.Day1" name="Demo1" time="0.011">
    <failure type="java.lang.AssertionError" message="expected [true] but found [false]">
      <![CDATA[java.lang.AssertionError: expected [true] but found [false]
at com.test.testng.Day1.Demo1(Day1.java:41)
at java.base/java.util.ArrayList.forEach(ArrayList.java:1596)
at com.intellij.rt.testng.IDEARemoteTestNG.run(IDEARemoteTestNG.java:65)
at com.intellij.rt.testng.RemoteTestNGStarter.main(RemoteTestNGStarter.java:105)
... Removed 26 stack frames]]>
    </failure>
  </testcase> <!-- Demo1 -->
  <testcase classname="com.test.testng.Day2" name="pLoan" time="0.005"/>
  <testcase classname="com.test.testng.Day2" name="pLoan" time="0.004"/>
  <testcase classname="com.test.testng.Day2" name="pLoan" time="0.002"/>
  <testcase classname="com.test.testng.Day4" name="loginAPICarLoan" time="0.004"/>
  <testcase classname="com.test.testng.Day4" name="mobileLoginHomeLoan" time="0.003"/>
  <testcase classname="com.test.testng.Day4" name="webLoginHomeLoan" time="0.003"/>
</testsuite> <!-- Personal Loan -->
